Collecting Markdown==2.6.6 (from -r /home/nbuser/library/requirements.txt (line 1))
  Downloading https://files.pythonhosted.org/packages/9b/53/4492f2888408a2462fd7f364028b6c708f3ecaa52a028587d7dd729f40b4/Markdown-2.6.6.tar.gz (302kB)
Collecting pelican==3.6.3 (from -r /home/nbuser/library/requirements.txt (line 2))
  Downloading https://files.pythonhosted.org/packages/d0/57/d6bba50602b6345ff992b543b904c82f5bac35d84c86949f742bb83dd61d/pelican-3.6.3-py2.py3-none-any.whl (130kB)
Requirement already satisfied: jupyter>=1.0 in ./anaconda3_420/lib/python3.5/site-packages (from -r /home/nbuser/library/requirements.txt (line 3)) (1.0.0)
Requirement already satisfied: ipython>=4.0 in ./anaconda3_420/lib/python3.5/site-packages (from -r /home/nbuser/library/requirements.txt (line 4)) (6.2.1)
Requirement already satisfied: nbconvert>=4.0 in ./anaconda3_420/lib/python3.5/site-packages (from -r /home/nbuser/library/requirements.txt (line 5)) (4.2.0)
Requirement already satisfied: beautifulsoup4 in ./anaconda3_420/lib/python3.5/site-packages (from -r /home/nbuser/library/requirements.txt (line 6)) (4.5.1)
Collecting ghp-import==0.4.1 (from -r /home/nbuser/library/requirements.txt (line 7))
  Downloading https://files.pythonhosted.org/packages/08/17/9847c2be67ef5af9d10835610c59138b37229e0cb296899bdafb4dbd603d/ghp-import-0.4.1.tar.gz
Requirement already satisfied: matplotlib>=1.5.1 in ./anaconda3_420/lib/python3.5/site-packages (from -r /home/nbuser/library/requirements.txt (line 8)) (2.1.1)
Requirement already satisfied: pytz>=0a in ./anaconda3_420/lib/python3.5/site-packages (from pelican==3.6.3->-r /home/nbuser/library/requirements.txt (line 2)) (2016.6.1)
Collecting feedgenerator>=1.6 (from pelican==3.6.3->-r /home/nbuser/library/requirements.txt (line 2))
  Downloading https://files.pythonhosted.org/packages/eb/02/7069b3dbc6ea92f034e07f9f9adc2193cd02d1aedf2cf9ec71150102a964/feedgenerator-1.9.tar.gz (4.1MB)
Requirement already satisfied: python-dateutil in ./anaconda3_420/lib/python3.5/site-packages (from pelican==3.6.3->-r /home/nbuser/library/requirements.txt (line 2)) (2.5.3)
Requirement already satisfied: docutils in ./anaconda3_420/lib/python3.5/site-packages (from pelican==3.6.3->-r /home/nbuser/library/requirements.txt (line 2)) (0.12)
Requirement already satisfied: pygments in ./anaconda3_420/lib/python3.5/site-packages (from pelican==3.6.3->-r /home/nbuser/library/requirements.txt (line 2)) (2.1.3)
Collecting blinker (from pelican==3.6.3->-r /home/nbuser/library/requirements.txt (line 2))
  Downloading https://files.pythonhosted.org/packages/1b/51/e2a9f3b757eb802f61dc1f2b09c8c99f6eb01cf06416c0671253536517b6/blinker-1.4.tar.gz (111kB)
Requirement already satisfied: jinja2>=2.7 in ./anaconda3_420/lib/python3.5/site-packages (from pelican==3.6.3->-r /home/nbuser/library/requirements.txt (line 2)) (2.8)
Collecting unidecode (from pelican==3.6.3->-r /home/nbuser/library/requirements.txt (line 2))
  Downloading https://files.pythonhosted.org/packages/59/ef/67085e30e8bbcdd76e2f0a4ad8151c13a2c5bce77c85f8cad6e1f16fb141/Unidecode-1.0.22-py2.py3-none-any.whl (235kB)
Requirement already satisfied: six>=1.4 in ./anaconda3_420/lib/python3.5/site-packages (from pelican==3.6.3->-r /home/nbuser/library/requirements.txt (line 2)) (1.10.0)
Requirement already satisfied: setuptools>=18.5 in ./anaconda3_420/lib/python3.5/site-packages (from ipython>=4.0->-r /home/nbuser/library/requirements.txt (line 4)) (40.0.0)
Requirement already satisfied: jedi>=0.10 in ./anaconda3_420/lib/python3.5/site-packages (from ipython>=4.0->-r /home/nbuser/library/requirements.txt (line 4)) (0.11.0)
Requirement already satisfied: decorator in ./anaconda3_420/lib/python3.5/site-packages (from ipython>=4.0->-r /home/nbuser/library/requirements.txt (line 4)) (4.0.10)
Requirement already satisfied: pickleshare in ./anaconda3_420/lib/python3.5/site-packages (from ipython>=4.0->-r /home/nbuser/library/requirements.txt (line 4)) (0.7.4)
Requirement already satisfied: simplegeneric>0.8 in ./anaconda3_420/lib/python3.5/site-packages (from ipython>=4.0->-r /home/nbuser/library/requirements.txt (line 4)) (0.8.1)
Requirement already satisfied: traitlets>=4.2 in ./anaconda3_420/lib/python3.5/site-packages (from ipython>=4.0->-r /home/nbuser/library/requirements.txt (line 4)) (4.3.1)
Requirement already satisfied: prompt_toolkit<2.0.0,>=1.0.4 in ./anaconda3_420/lib/python3.5/site-packages (from ipython>=4.0->-r /home/nbuser/library/requirements.txt (line 4)) (1.0.15)
Requirement already satisfied: pexpect in ./anaconda3_420/lib/python3.5/site-packages (from ipython>=4.0->-r /home/nbuser/library/requirements.txt (line 4)) (4.0.1)
Requirement already satisfied: numpy>=1.7.1 in ./anaconda3_420/lib/python3.5/site-packages (from matplotlib>=1.5.1->-r /home/nbuser/library/requirements.txt (line 8)) (1.15.0)
Requirement already satisfied: cycler>=0.10 in ./anaconda3_420/lib/python3.5/site-packages (from matplotlib>=1.5.1->-r /home/nbuser/library/requirements.txt (line 8)) (0.10.0)
Requirement already satisfied: pyparsing!=2.0.4,!=2.1.2,!=2.1.6,>=2.0.1 in ./anaconda3_420/lib/python3.5/site-packages (from matplotlib>=1.5.1->-r /home/nbuser/library/requirements.txt (line 8)) (2.1.4)
Requirement already satisfied: MarkupSafe in ./anaconda3_420/lib/python3.5/site-packages (from jinja2>=2.7->pelican==3.6.3->-r /home/nbuser/library/requirements.txt (line 2)) (0.23)
Requirement already satisfied: parso==0.1.* in ./anaconda3_420/lib/python3.5/site-packages (from jedi>=0.10->ipython>=4.0->-r /home/nbuser/library/requirements.txt (line 4)) (0.1.1)
Requirement already satisfied: wcwidth in ./anaconda3_420/lib/python3.5/site-packages (from prompt_toolkit<2.0.0,>=1.0.4->ipython>=4.0->-r /home/nbuser/library/requirements.txt (line 4)) (0.1.7)
Building wheels for collected packages: Markdown, ghp-import, feedgenerator, blinker
  Running setup.py bdist_wheel for Markdown: started
  Running setup.py bdist_wheel for Markdown: finished with status 'done'
  Stored in directory: /home/nbuser/.cache/pip/wheels/d5/0a/9e/cf4ae0888c3bc8b3739fd54b37893f47418f680c20ec7b0485
  Running setup.py bdist_wheel for ghp-import: started
  Running setup.py bdist_wheel for ghp-import: finished with status 'done'
  Stored in directory: /home/nbuser/.cache/pip/wheels/ea/9e/27/d0d7a37244cc997580f7468dec0f8283591e6f40b488b77329
  Running setup.py bdist_wheel for feedgenerator: started
  Running setup.py bdist_wheel for feedgenerator: finished with status 'done'
  Stored in directory: /home/nbuser/.cache/pip/wheels/ac/c9/63/61e224fe1b2442b36e18f2e1c13b97fa4ce3ba7211d92f9401
  Running setup.py bdist_wheel for blinker: started
  Running setup.py bdist_wheel for blinker: finished with status 'done'
  Stored in directory: /home/nbuser/.cache/pip/wheels/92/a0/00/8690a57883956a301d91cf4ec999cc0b258b01e3f548f86e89
Successfully built Markdown ghp-import feedgenerator blinker
Installing collected packages: Markdown, feedgenerator, blinker, unidecode, pelican, ghp-import
Successfully installed Markdown-2.6.6 blinker-1.4 feedgenerator-1.9 ghp-import-0.4.1 pelican-3.6.3 unidecode-1.0.22
Could not open requirements file: [Errno 2] No such file or directory: 'requirements.txt'
You are using pip version 9.0.1, however version 18.0 is available.
You should consider upgrading via the 'pip install --upgrade pip' command.
/home/nbuser/library/blog.sh: line 3: pelican: command not found
/home/nbuser/library/blog.sh: line 4: ghp-import: command not found
